<?xml version="1.0" encoding="UTF-8"?>
<testng-results ignored="0" total="1" passed="1" failed="0" skipped="0">
  <reporter-output>
    <line>
      <![CDATA[valid username and passworddashboardhttp://webapp.qedgetech.com/dashboard.php]]>
    </line>
    <line>
      <![CDATA[valid username and passworddashboardhttp://webapp.qedgetech.com/dashboard.php]]>
    </line>
    <line>
      <![CDATA[Incorrect user ID or passworddashboardhttp://webapp.qedgetech.com/login.php]]>
    </line>
    <line>
      <![CDATA[valid username and passworddashboardhttp://webapp.qedgetech.com/dashboard.php]]>
    </line>
    <line>
      <![CDATA[Incorrect user ID or passworddashboardhttp://webapp.qedgetech.com/login.php]]>
    </line>
  </reporter-output>
  <suite started-at="2024-02-09T17:36:44 IST" name="Default suite" finished-at="2024-02-09T17:37:38 IST" duration-ms="54216">
    <groups>
    </groups>
    <test started-at="2024-02-09T17:36:44 IST" name="Default test" finished-at="2024-02-09T17:37:38 IST" duration-ms="54216">
      <class name="driverFactory.AppTest">
        <test-method is-config="true" signature="setup()[pri:0, instance:driverFactory.AppTest@26d9b808]" started-at="2024-02-09T17:36:44 IST" name="setup" finished-at="2024-02-09T17:36:48 IST" duration-ms="4310" status="PASS">
          <reporter-output>
          </reporter-output>
        </test-method> <!-- setup -->
        <test-method signature="starttest()[pri:0, instance:driverFactory.AppTest@26d9b808]" started-at="2024-02-09T17:36:48 IST" name="starttest" finished-at="2024-02-09T17:37:38 IST" duration-ms="49312" status="PASS">
          <reporter-output>
            <line>
              <![CDATA[valid username and passworddashboardhttp://webapp.qedgetech.com/dashboard.php]]>
            </line>
            <line>
              <![CDATA[valid username and passworddashboardhttp://webapp.qedgetech.com/dashboard.php]]>
            </line>
            <line>
              <![CDATA[Incorrect user ID or passworddashboardhttp://webapp.qedgetech.com/login.php]]>
            </line>
            <line>
              <![CDATA[valid username and passworddashboardhttp://webapp.qedgetech.com/dashboard.php]]>
            </line>
            <line>
              <![CDATA[Incorrect user ID or passworddashboardhttp://webapp.qedgetech.com/login.php]]>
            </line>
          </reporter-output>
        </test-method> <!-- starttest -->
        <test-method is-config="true" signature="teardown()[pri:0, instance:driverFactory.AppTest@26d9b808]" started-at="2024-02-09T17:37:38 IST" name="teardown" finished-at="2024-02-09T17:37:38 IST" duration-ms="468" status="PASS">
          <reporter-output>
          </reporter-output>
        </test-method> <!-- teardown -->
      </class> <!-- driverFactory.AppTest -->
    </test> <!-- Default test -->
  </suite> <!-- Default suite -->
</testng-results>
